<?xml version="1.0" encoding="utf-8"?><testsuite errors="0" failures="0" name="pytest" skips="0" tests="4" time="0.102"><testcase classname="test_sparking.TestSparking" file="test_sparking.py" line="8" name="test_get_num_of_one[8-5-2]" time="0.0030028820037841797"></testcase><testcase classname="test_sparking.TestSparking" file="test_sparking.py" line="8" name="test_get_num_of_one[16-5-2]" time="0.010002374649047852"></testcase><testcase classname="test_sparking.TestSparking" file="test_sparking.py" line="8" name="test_get_num_of_one[32-5-2]" time="0.003002166748046875"></testcase><testcase classname="test_sparking.TestSparking" file="test_sparking.py" line="8" name="test_get_num_of_one[64-5-2]" time="0.0019998550415039062"></testcase></testsuite>